<?xml version="1.0" encoding="UTF-8"?>
<!-- Generated by org.testng.reporters.JUnitXMLReporter -->
<testsuite hostname="mc-s097627" ignored="0" name="BBCNewsRegressionTest" tests="15" failures="0" timestamp="25 Mar 2019 13:41:15 GMT" time="200.58" errors="0">
  <testcase name="testOpenNewsApp" time="2.444" classname="com.bbcnews.automation.scripts.BBCNewsSmokeTestKotlin"/>
  <testcase name="testCheckHomePage" time="24.157" classname="com.bbcnews.automation.scripts.BBCNewsSmokeTestKotlin"/>
  <testcase name="testAllowLocation" time="8.998" classname="com.bbcnews.automation.scripts.BBCNewsSmokeTestKotlin"/>
  <testcase name="testPopularPage" time="8.779" classname="com.bbcnews.automation.scripts.BBCNewsSmokeTestKotlin"/>
  <testcase name="testcheckMostWatched" time="7.842" classname="com.bbcnews.automation.scripts.BBCNewsSmokeTestKotlin"/>
  <testcase name="testMyNewsPage" time="4.723" classname="com.bbcnews.automation.scripts.BBCNewsSmokeTestKotlin"/>
  <testcase name="testAddingTopicstoMyNewsPage" time="16.152" classname="com.bbcnews.automation.scripts.BBCNewsSmokeTestKotlin"/>
  <testcase name="testCheckAddedTopicsUnderMyTopics" time="5.36" classname="com.bbcnews.automation.scripts.BBCNewsSmokeTestKotlin"/>
  <testcase name="testCheckAddedTopicsUnderMyNews" time="8.743" classname="com.bbcnews.automation.scripts.BBCNewsSmokeTestKotlin"/>
  <testcase name="testMyNewsRemoveTopics" time="9.398" classname="com.bbcnews.automation.scripts.BBCNewsSmokeTestKotlin"/>
  <testcase name="testCheckArtcilesofTopics" time="15.672" classname="com.bbcnews.automation.scripts.BBCNewsSmokeTestKotlin"/>
  <testcase name="testMenuPage" time="20.725" classname="com.bbcnews.automation.scripts.BBCNewsSmokeTestKotlin"/>
  <testcase name="testVideoPage" time="8.647" classname="com.bbcnews.automation.scripts.BBCNewsSmokeTestKotlin"/>
  <testcase name="testCheckLiveVideoSeeking" time="17.348" classname="com.bbcnews.automation.scripts.BBCNewsSmokeTestKotlin"/>
  <testcase name="testSearchStories" time="10.789" classname="com.bbcnews.automation.scripts.BBCNewsSmokeTestKotlin"/>
</testsuite> <!-- BBCNewsRegressionTest -->
