<?xml version="1.0" encoding="UTF-8"?>
<!-- Generated by org.testng.reporters.JUnitXMLReporter -->
<testsuite hostname="mc-s097627.local" ignored="0" name="BBCNewsRegressionTest" tests="40" failures="2" timestamp="15 Mar 2019 11:33:52 GMT" time="741.705" errors="0">
  <testcase name="testOpenNewsApp" time="4.761" classname="com.bbcnews.automation.scripts.BBCNewsRegressionTestKotlin"/>
  <testcase name="testTopStories" time="18.911" classname="com.bbcnews.automation.scripts.BBCNewsRegressionTestKotlin"/>
  <testcase name="testToCheckTopicsTopStores" time="82.888" classname="com.bbcnews.automation.scripts.BBCNewsRegressionTestKotlin"/>
  <testcase name="testMyNewsTopStoriesTopics" time="16.343" classname="com.bbcnews.automation.scripts.BBCNewsRegressionTestKotlin"/>
  <testcase name="testAllowLocation" time="11.737" classname="com.bbcnews.automation.scripts.BBCNewsRegressionTestKotlin"/>
  <testcase name="testMyNews" time="5.916" classname="com.bbcnews.automation.scripts.BBCNewsRegressionTestKotlin"/>
  <testcase name="testAddingTopicsPage" time="16.874" classname="com.bbcnews.automation.scripts.BBCNewsRegressionTestKotlin"/>
  <testcase name="testAddingTopicstoMyNewsPage" time="53.407" classname="com.bbcnews.automation.scripts.BBCNewsRegressionTestKotlin"/>
  <testcase name="testCheckAddedTopics" time="15.315" classname="com.bbcnews.automation.scripts.BBCNewsRegressionTestKotlin"/>
  <testcase name="testCheckOrderingofTopicsAdded" time="3.678" classname="com.bbcnews.automation.scripts.BBCNewsRegressionTestKotlin"/>
  <testcase name="testSelectedAddedTopics" time="34.865" classname="com.bbcnews.automation.scripts.BBCNewsRegressionTestKotlin"/>
  <testcase name="testCheckReOrderingofTopicsAdded" time="17.996" classname="com.bbcnews.automation.scripts.BBCNewsRegressionTestKotlin"/>
  <testcase name="testcheckMenuItems" time="24.698" classname="com.bbcnews.automation.scripts.BBCNewsRegressionTestKotlin"/>
  <testcase name="testVideopage" time="30.554" classname="com.bbcnews.automation.scripts.BBCNewsRegressionTestKotlin"/>
  <testcase name="playingLandspace" time="12.255" classname="com.bbcnews.automation.scripts.BBCNewsRegressionTestKotlin"/>
  <testcase name="scrubbingvideoplayback" time="5.966" classname="com.bbcnews.automation.scripts.BBCNewsRegressionTestKotlin"/>
  <testcase name="testSearchStories" time="15.928" classname="com.bbcnews.automation.scripts.BBCNewsRegressionTestKotlin"/>
  <testcase name="testSelectSearchResult" time="15.962" classname="com.bbcnews.automation.scripts.BBCNewsRegressionTestKotlin"/>
  <testcase name="testSearchTopic" time="8.512" classname="com.bbcnews.automation.scripts.BBCNewsRegressionTestKotlin">
    <failure type="java.lang.AssertionError" message="expected [&amp;apos;Sex blackmail gang&amp;apos; victim&amp;apos;s name revealed] but found [The women who fought to ban alcohol]">
      <![CDATA[java.lang.AssertionError: expected ['Sex blackmail gang' victim's name revealed] but found [The women who fought to ban alcohol]
at com.bbcnews.automation.scripts.BBCNewsRegressionTestKotlin.testSearchTopic(BBCNewsRegressionTestKotlin.kt:619)
at com.sun.proxy.$Proxy2.stop(Unknown Source)
at java.util.concurrent.ThreadPoolExecutor.runWorker(ThreadPoolExecutor.java:1149)
at java.util.concurrent.ThreadPoolExecutor$Worker.run(ThreadPoolExecutor.java:624)
at java.lang.Thread.run(Thread.java:748)
... Removed 52 stack frames]]>
    </failure>
  </testcase> <!-- testSearchTopic -->
  <testcase name="testArtictleItemWithoutItemBadge" time="9.184" classname="com.bbcnews.automation.scripts.BBCNewsRegressionTestKotlin"/>
  <testcase name="testArtictleItemWithItemBadge" time="19.06" classname="com.bbcnews.automation.scripts.BBCNewsRegressionTestKotlin"/>
  <testcase name="testSearchArticle" time="15.721" classname="com.bbcnews.automation.scripts.BBCNewsRegressionTestKotlin"/>
  <testcase name="testondemandvideoplyback" time="9.536" classname="com.bbcnews.automation.scripts.BBCNewsRegressionTestKotlin"/>
  <testcase name="testseekingvideoforward" time="4.109" classname="com.bbcnews.automation.scripts.BBCNewsRegressionTestKotlin"/>
  <testcase name="testseekingvideobackward" time="2.136" classname="com.bbcnews.automation.scripts.BBCNewsRegressionTestKotlin"/>
  <testcase name="testRelatedStoriesArticle" time="28.832" classname="com.bbcnews.automation.scripts.BBCNewsRegressionTestKotlin"/>
  <testcase name="testRelatedTopicArticle" time="19.219" classname="com.bbcnews.automation.scripts.BBCNewsRegressionTestKotlin"/>
  <testcase name="testcheckTermsPrivacyPolicy" time="19.902" classname="com.bbcnews.automation.scripts.BBCNewsRegressionTestKotlin"/>
  <testcase name="testTopStoriesvideo" time="12.13" classname="com.bbcnews.automation.scripts.BBCNewsRegressionTestKotlin"/>
  <testcase name="testAppbackground" time="35.527" classname="com.bbcnews.automation.scripts.BBCNewsRegressionTestKotlin"/>
  <testcase name="testPopularPage" time="8.807" classname="com.bbcnews.automation.scripts.BBCNewsRegressionTestKotlin"/>
  <testcase name="testCheckMostReadPopular" time="7.739" classname="com.bbcnews.automation.scripts.BBCNewsRegressionTestKotlin"/>
  <testcase name="testcheckMostWatched" time="13.056" classname="com.bbcnews.automation.scripts.BBCNewsRegressionTestKotlin"/>
  <testcase name="testcheckMostWatchedArticle" time="6.096" classname="com.bbcnews.automation.scripts.BBCNewsRegressionTestKotlin"/>
  <testcase name="testArrangeTopicsFromBottomToTop" time="7.398" classname="com.bbcnews.automation.scripts.BBCNewsRegressionTestKotlin">
    <failure type="java.lang.IndexOutOfBoundsException" message="Index: 5, Size: 5">
      <![CDATA[java.lang.IndexOutOfBoundsException: Index: 5, Size: 5
at java.util.ArrayList.rangeCheck(ArrayList.java:657)
at java.util.ArrayList.get(ArrayList.java:433)
at com.bbcnews.automation.scripts.BBCNewsRegressionTestKotlin.testArrangeTopicsFromBottomToTop(BBCNewsRegressionTestKotlin.kt:918)
at com.sun.proxy.$Proxy2.stop(Unknown Source)
at java.util.concurrent.ThreadPoolExecutor.runWorker(ThreadPoolExecutor.java:1149)
at java.util.concurrent.ThreadPoolExecutor$Worker.run(ThreadPoolExecutor.java:624)
at java.lang.Thread.run(Thread.java:748)
... Removed 46 stack frames]]>
    </failure>
  </testcase> <!-- testArrangeTopicsFromBottomToTop -->
  <testcase name="testcheckofflinescenario" time="8.736" classname="com.bbcnews.automation.scripts.BBCNewsRegressionTestKotlin"/>
  <testcase name="testplayingvideooffline" time="41.234" classname="com.bbcnews.automation.scripts.BBCNewsRegressionTestKotlin"/>
  <testcase name="testPlayingVideoOnLine" time="13.01" classname="com.bbcnews.automation.scripts.BBCNewsRegressionTestKotlin"/>
  <testcase name="testSelectArticleTopic" time="12.272" classname="com.bbcnews.automation.scripts.BBCNewsRegressionTestKotlin"/>
  <testcase name="testSelectVideoArticleTopic" time="18.661" classname="com.bbcnews.automation.scripts.BBCNewsRegressionTestKotlin"/>
</testsuite> <!-- BBCNewsRegressionTest -->
