<?xml version="1.0" encoding="UTF-8"?>
<testng-results skipped="0" failed="0" ignored="0" total="15" passed="15">
  <reporter-output>
  </reporter-output>
  <suite name="BBCNewsSuite" duration-ms="249624" started-at="2019-03-22T15:06:48Z" finished-at="2019-03-22T15:10:58Z">
    <groups>
    </groups>
    <test name="BBCNewsRegressionTest" duration-ms="249624" started-at="2019-03-22T15:06:48Z" finished-at="2019-03-22T15:10:58Z">
      <class name="com.bbcnews.automation.scripts.BBCNewsSmokeTestKotlin">
        <test-method status="PASS" signature="runTest()[pri:0, instance:com.bbcnews.automation.scripts.BBCNewsSmokeTestKotlin@68bf2c61]" name="runTest" is-config="true" duration-ms="26006" started-at="2019-03-22T15:06:48Z" finished-at="2019-03-22T15:07:14Z">
          <reporter-output>
          </reporter-output>
        </test-method> <!-- runTest -->
        <test-method status="PASS" signature="testOpenNewsApp()[pri:1, instance:com.bbcnews.automation.scripts.BBCNewsSmokeTestKotlin@68bf2c61]" name="testOpenNewsApp" duration-ms="4658" started-at="2019-03-22T15:07:14Z" description="Launching the app" finished-at="2019-03-22T15:07:19Z">
          <reporter-output>
          </reporter-output>
        </test-method> <!-- testOpenNewsApp -->
        <test-method status="PASS" signature="getResult(org.testng.ITestResult)[pri:0, instance:com.bbcnews.automation.scripts.BBCNewsSmokeTestKotlin@68bf2c61]" name="getResult" is-config="true" duration-ms="7" started-at="2019-03-22T15:07:19Z" finished-at="2019-03-22T15:07:19Z">
          <params>
            <param index="0">
              <value>
                <![CDATA[[TestResult name=testOpenNewsApp status=SUCCESS method=BBCNewsSmokeTestKotlin.testOpenNewsApp()[pri:1, instance:com.bbcnews.automation.scripts.BBCNewsSmokeTestKotlin@68bf2c61] output={null}]]]>
              </value>
            </param>
          </params>
          <reporter-output>
          </reporter-output>
        </test-method> <!-- getResult -->
        <test-method status="PASS" signature="testCheckHomePage()[pri:2, instance:com.bbcnews.automation.scripts.BBCNewsSmokeTestKotlin@68bf2c61]" name="testCheckHomePage" duration-ms="37503" started-at="2019-03-22T15:07:19Z" description="Check the links on the Home page after app launched" finished-at="2019-03-22T15:07:57Z">
          <reporter-output>
          </reporter-output>
        </test-method> <!-- testCheckHomePage -->
        <test-method status="PASS" signature="getResult(org.testng.ITestResult)[pri:0, instance:com.bbcnews.automation.scripts.BBCNewsSmokeTestKotlin@68bf2c61]" name="getResult" is-config="true" duration-ms="3" started-at="2019-03-22T15:07:57Z" finished-at="2019-03-22T15:07:57Z">
          <params>
            <param index="0">
              <value>
                <![CDATA[[TestResult name=testCheckHomePage status=SUCCESS method=BBCNewsSmokeTestKotlin.testCheckHomePage()[pri:2, instance:com.bbcnews.automation.scripts.BBCNewsSmokeTestKotlin@68bf2c61] output={null}]]]>
              </value>
            </param>
          </params>
          <reporter-output>
          </reporter-output>
        </test-method> <!-- getResult -->
        <test-method status="PASS" signature="testAllowLocation()[pri:3, instance:com.bbcnews.automation.scripts.BBCNewsSmokeTestKotlin@68bf2c61]" name="testAllowLocation" duration-ms="12803" started-at="2019-03-22T15:07:57Z" description="Test to check the Mynews page" finished-at="2019-03-22T15:08:10Z">
          <reporter-output>
          </reporter-output>
        </test-method> <!-- testAllowLocation -->
        <test-method status="PASS" signature="getResult(org.testng.ITestResult)[pri:0, instance:com.bbcnews.automation.scripts.BBCNewsSmokeTestKotlin@68bf2c61]" name="getResult" is-config="true" duration-ms="0" started-at="2019-03-22T15:08:10Z" finished-at="2019-03-22T15:08:10Z">
          <params>
            <param index="0">
              <value>
                <![CDATA[[TestResult name=testAllowLocation status=SUCCESS method=BBCNewsSmokeTestKotlin.testAllowLocation()[pri:3, instance:com.bbcnews.automation.scripts.BBCNewsSmokeTestKotlin@68bf2c61] output={null}]]]>
              </value>
            </param>
          </params>
          <reporter-output>
          </reporter-output>
        </test-method> <!-- getResult -->
        <test-method status="PASS" signature="testPopularPage()[pri:4, instance:com.bbcnews.automation.scripts.BBCNewsSmokeTestKotlin@68bf2c61]" name="testPopularPage" duration-ms="10559" started-at="2019-03-22T15:08:10Z" description="Test to check the  popular page" finished-at="2019-03-22T15:08:20Z">
          <reporter-output>
          </reporter-output>
        </test-method> <!-- testPopularPage -->
        <test-method status="PASS" signature="getResult(org.testng.ITestResult)[pri:0, instance:com.bbcnews.automation.scripts.BBCNewsSmokeTestKotlin@68bf2c61]" name="getResult" is-config="true" duration-ms="1" started-at="2019-03-22T15:08:20Z" finished-at="2019-03-22T15:08:20Z">
          <params>
            <param index="0">
              <value>
                <![CDATA[[TestResult name=testPopularPage status=SUCCESS method=BBCNewsSmokeTestKotlin.testPopularPage()[pri:4, instance:com.bbcnews.automation.scripts.BBCNewsSmokeTestKotlin@68bf2c61] output={null}]]]>
              </value>
            </param>
          </params>
          <reporter-output>
          </reporter-output>
        </test-method> <!-- getResult -->
        <test-method status="PASS" signature="testcheckMostWatched()[pri:5, instance:com.bbcnews.automation.scripts.BBCNewsSmokeTestKotlin@68bf2c61]" name="testcheckMostWatched" duration-ms="6883" started-at="2019-03-22T15:08:20Z" description="checking that most watched displayed in popular page" finished-at="2019-03-22T15:08:27Z">
          <reporter-output>
          </reporter-output>
        </test-method> <!-- testcheckMostWatched -->
        <test-method status="PASS" signature="getResult(org.testng.ITestResult)[pri:0, instance:com.bbcnews.automation.scripts.BBCNewsSmokeTestKotlin@68bf2c61]" name="getResult" is-config="true" duration-ms="1" started-at="2019-03-22T15:08:27Z" finished-at="2019-03-22T15:08:27Z">
          <params>
            <param index="0">
              <value>
                <![CDATA[[TestResult name=testcheckMostWatched status=SUCCESS method=BBCNewsSmokeTestKotlin.testcheckMostWatched()[pri:5, instance:com.bbcnews.automation.scripts.BBCNewsSmokeTestKotlin@68bf2c61] output={null}]]]>
              </value>
            </param>
          </params>
          <reporter-output>
          </reporter-output>
        </test-method> <!-- getResult -->
        <test-method status="PASS" signature="testMyNewsPage()[pri:6, instance:com.bbcnews.automation.scripts.BBCNewsSmokeTestKotlin@68bf2c61]" name="testMyNewsPage" duration-ms="6621" started-at="2019-03-22T15:08:27Z" description="Test to check the Mynews page" finished-at="2019-03-22T15:08:34Z">
          <reporter-output>
          </reporter-output>
        </test-method> <!-- testMyNewsPage -->
        <test-method status="PASS" signature="getResult(org.testng.ITestResult)[pri:0, instance:com.bbcnews.automation.scripts.BBCNewsSmokeTestKotlin@68bf2c61]" name="getResult" is-config="true" duration-ms="0" started-at="2019-03-22T15:08:34Z" finished-at="2019-03-22T15:08:34Z">
          <params>
            <param index="0">
              <value>
                <![CDATA[[TestResult name=testMyNewsPage status=SUCCESS method=BBCNewsSmokeTestKotlin.testMyNewsPage()[pri:6, instance:com.bbcnews.automation.scripts.BBCNewsSmokeTestKotlin@68bf2c61] output={null}]]]>
              </value>
            </param>
          </params>
          <reporter-output>
          </reporter-output>
        </test-method> <!-- getResult -->
        <test-method status="PASS" signature="testAddingTopicstoMyNewsPage()[pri:7, instance:com.bbcnews.automation.scripts.BBCNewsSmokeTestKotlin@68bf2c61]" name="testAddingTopicstoMyNewsPage" duration-ms="18701" started-at="2019-03-22T15:08:34Z" description="Test to check the adding the topics to MyNews page" finished-at="2019-03-22T15:08:52Z">
          <reporter-output>
          </reporter-output>
        </test-method> <!-- testAddingTopicstoMyNewsPage -->
        <test-method status="PASS" signature="getResult(org.testng.ITestResult)[pri:0, instance:com.bbcnews.automation.scripts.BBCNewsSmokeTestKotlin@68bf2c61]" name="getResult" is-config="true" duration-ms="1" started-at="2019-03-22T15:08:52Z" finished-at="2019-03-22T15:08:52Z">
          <params>
            <param index="0">
              <value>
                <![CDATA[[TestResult name=testAddingTopicstoMyNewsPage status=SUCCESS method=BBCNewsSmokeTestKotlin.testAddingTopicstoMyNewsPage()[pri:7, instance:com.bbcnews.automation.scripts.BBCNewsSmokeTestKotlin@68bf2c61] output={null}]]]>
              </value>
            </param>
          </params>
          <reporter-output>
          </reporter-output>
        </test-method> <!-- getResult -->
        <test-method status="PASS" signature="testCheckAddedTopicsUnderMyTopics()[pri:8, instance:com.bbcnews.automation.scripts.BBCNewsSmokeTestKotlin@68bf2c61]" name="testCheckAddedTopicsUnderMyTopics" duration-ms="9442" started-at="2019-03-22T15:08:52Z" description="Test to check whether selected topics displayed under MyTopics page" finished-at="2019-03-22T15:09:02Z">
          <reporter-output>
          </reporter-output>
        </test-method> <!-- testCheckAddedTopicsUnderMyTopics -->
        <test-method status="PASS" signature="getResult(org.testng.ITestResult)[pri:0, instance:com.bbcnews.automation.scripts.BBCNewsSmokeTestKotlin@68bf2c61]" name="getResult" is-config="true" duration-ms="1" started-at="2019-03-22T15:09:02Z" finished-at="2019-03-22T15:09:02Z">
          <params>
            <param index="0">
              <value>
                <![CDATA[[TestResult name=testCheckAddedTopicsUnderMyTopics status=SUCCESS method=BBCNewsSmokeTestKotlin.testCheckAddedTopicsUnderMyTopics()[pri:8, instance:com.bbcnews.automation.scripts.BBCNewsSmokeTestKotlin@68bf2c61] output={null}]]]>
              </value>
            </param>
          </params>
          <reporter-output>
          </reporter-output>
        </test-method> <!-- getResult -->
        <test-method status="PASS" signature="testCheckAddedTopicsUnderMyNews()[pri:9, instance:com.bbcnews.automation.scripts.BBCNewsSmokeTestKotlin@68bf2c61]" name="testCheckAddedTopicsUnderMyNews" duration-ms="11409" started-at="2019-03-22T15:09:02Z" description="Test to check whether added topics displayed under MyNews page" finished-at="2019-03-22T15:09:13Z">
          <reporter-output>
          </reporter-output>
        </test-method> <!-- testCheckAddedTopicsUnderMyNews -->
        <test-method status="PASS" signature="getResult(org.testng.ITestResult)[pri:0, instance:com.bbcnews.automation.scripts.BBCNewsSmokeTestKotlin@68bf2c61]" name="getResult" is-config="true" duration-ms="1" started-at="2019-03-22T15:09:13Z" finished-at="2019-03-22T15:09:13Z">
          <params>
            <param index="0">
              <value>
                <![CDATA[[TestResult name=testCheckAddedTopicsUnderMyNews status=SUCCESS method=BBCNewsSmokeTestKotlin.testCheckAddedTopicsUnderMyNews()[pri:9, instance:com.bbcnews.automation.scripts.BBCNewsSmokeTestKotlin@68bf2c61] output={null}]]]>
              </value>
            </param>
          </params>
          <reporter-output>
          </reporter-output>
        </test-method> <!-- getResult -->
        <test-method status="PASS" signature="testMyNewsRemoveTopics()[pri:10, instance:com.bbcnews.automation.scripts.BBCNewsSmokeTestKotlin@68bf2c61]" name="testMyNewsRemoveTopics" duration-ms="16211" started-at="2019-03-22T15:09:13Z" description="Test To remove topics which are displayed under MyNews" finished-at="2019-03-22T15:09:29Z">
          <reporter-output>
          </reporter-output>
        </test-method> <!-- testMyNewsRemoveTopics -->
        <test-method status="PASS" signature="getResult(org.testng.ITestResult)[pri:0, instance:com.bbcnews.automation.scripts.BBCNewsSmokeTestKotlin@68bf2c61]" name="getResult" is-config="true" duration-ms="2" started-at="2019-03-22T15:09:29Z" finished-at="2019-03-22T15:09:29Z">
          <params>
            <param index="0">
              <value>
                <![CDATA[[TestResult name=testMyNewsRemoveTopics status=SUCCESS method=BBCNewsSmokeTestKotlin.testMyNewsRemoveTopics()[pri:10, instance:com.bbcnews.automation.scripts.BBCNewsSmokeTestKotlin@68bf2c61] output={null}]]]>
              </value>
            </param>
          </params>
          <reporter-output>
          </reporter-output>
        </test-method> <!-- getResult -->
        <test-method status="PASS" signature="testCheckArtcilesofTopics()[pri:11, instance:com.bbcnews.automation.scripts.BBCNewsSmokeTestKotlin@68bf2c61]" name="testCheckArtcilesofTopics" duration-ms="16976" started-at="2019-03-22T15:09:29Z" description="Test to check the Articles displayed under topics of MyNews page" finished-at="2019-03-22T15:09:46Z">
          <reporter-output>
          </reporter-output>
        </test-method> <!-- testCheckArtcilesofTopics -->
        <test-method status="PASS" signature="getResult(org.testng.ITestResult)[pri:0, instance:com.bbcnews.automation.scripts.BBCNewsSmokeTestKotlin@68bf2c61]" name="getResult" is-config="true" duration-ms="1" started-at="2019-03-22T15:09:46Z" finished-at="2019-03-22T15:09:46Z">
          <params>
            <param index="0">
              <value>
                <![CDATA[[TestResult name=testCheckArtcilesofTopics status=SUCCESS method=BBCNewsSmokeTestKotlin.testCheckArtcilesofTopics()[pri:11, instance:com.bbcnews.automation.scripts.BBCNewsSmokeTestKotlin@68bf2c61] output={null}]]]>
              </value>
            </param>
          </params>
          <reporter-output>
          </reporter-output>
        </test-method> <!-- getResult -->
        <test-method status="PASS" signature="testMenuPage()[pri:12, instance:com.bbcnews.automation.scripts.BBCNewsSmokeTestKotlin@68bf2c61]" name="testMenuPage" duration-ms="22403" started-at="2019-03-22T15:09:46Z" description="Test to Check the Menu Options " finished-at="2019-03-22T15:10:09Z">
          <reporter-output>
          </reporter-output>
        </test-method> <!-- testMenuPage -->
        <test-method status="PASS" signature="getResult(org.testng.ITestResult)[pri:0, instance:com.bbcnews.automation.scripts.BBCNewsSmokeTestKotlin@68bf2c61]" name="getResult" is-config="true" duration-ms="0" started-at="2019-03-22T15:10:09Z" finished-at="2019-03-22T15:10:09Z">
          <params>
            <param index="0">
              <value>
                <![CDATA[[TestResult name=testMenuPage status=SUCCESS method=BBCNewsSmokeTestKotlin.testMenuPage()[pri:12, instance:com.bbcnews.automation.scripts.BBCNewsSmokeTestKotlin@68bf2c61] output={null}]]]>
              </value>
            </param>
          </params>
          <reporter-output>
          </reporter-output>
        </test-method> <!-- getResult -->
        <test-method status="PASS" signature="testVideoPage()[pri:13, instance:com.bbcnews.automation.scripts.BBCNewsSmokeTestKotlin@68bf2c61]" name="testVideoPage" duration-ms="12872" started-at="2019-03-22T15:10:09Z" description="Test to check the Video page and selecting the live video for playback and asserting the playback controls" finished-at="2019-03-22T15:10:22Z">
          <reporter-output>
          </reporter-output>
        </test-method> <!-- testVideoPage -->
        <test-method status="PASS" signature="getResult(org.testng.ITestResult)[pri:0, instance:com.bbcnews.automation.scripts.BBCNewsSmokeTestKotlin@68bf2c61]" name="getResult" is-config="true" duration-ms="1" started-at="2019-03-22T15:10:22Z" finished-at="2019-03-22T15:10:22Z">
          <params>
            <param index="0">
              <value>
                <![CDATA[[TestResult name=testVideoPage status=SUCCESS method=BBCNewsSmokeTestKotlin.testVideoPage()[pri:13, instance:com.bbcnews.automation.scripts.BBCNewsSmokeTestKotlin@68bf2c61] output={null}]]]>
              </value>
            </param>
          </params>
          <reporter-output>
          </reporter-output>
        </test-method> <!-- getResult -->
        <test-method status="PASS" signature="testCheckLiveVideoSeeking()[pri:14, instance:com.bbcnews.automation.scripts.BBCNewsSmokeTestKotlin@68bf2c61]" name="testCheckLiveVideoSeeking" duration-ms="21136" started-at="2019-03-22T15:10:22Z" description="Test to check whether you can scrub the Live Video and Live Text shouldn&#039;t be displayed" finished-at="2019-03-22T15:10:43Z">
          <reporter-output>
          </reporter-output>
        </test-method> <!-- testCheckLiveVideoSeeking -->
        <test-method status="PASS" signature="getResult(org.testng.ITestResult)[pri:0, instance:com.bbcnews.automation.scripts.BBCNewsSmokeTestKotlin@68bf2c61]" name="getResult" is-config="true" duration-ms="1" started-at="2019-03-22T15:10:43Z" finished-at="2019-03-22T15:10:43Z">
          <params>
            <param index="0">
              <value>
                <![CDATA[[TestResult name=testCheckLiveVideoSeeking status=SUCCESS method=BBCNewsSmokeTestKotlin.testCheckLiveVideoSeeking()[pri:14, instance:com.bbcnews.automation.scripts.BBCNewsSmokeTestKotlin@68bf2c61] output={null}]]]>
              </value>
            </param>
          </params>
          <reporter-output>
          </reporter-output>
        </test-method> <!-- getResult -->
        <test-method status="PASS" signature="testSearchStories()[pri:15, instance:com.bbcnews.automation.scripts.BBCNewsSmokeTestKotlin@68bf2c61]" name="testSearchStories" duration-ms="11581" started-at="2019-03-22T15:10:43Z" description="Test to check for search results" finished-at="2019-03-22T15:10:54Z">
          <reporter-output>
          </reporter-output>
        </test-method> <!-- testSearchStories -->
        <test-method status="PASS" signature="getResult(org.testng.ITestResult)[pri:0, instance:com.bbcnews.automation.scripts.BBCNewsSmokeTestKotlin@68bf2c61]" name="getResult" is-config="true" duration-ms="1" started-at="2019-03-22T15:10:54Z" finished-at="2019-03-22T15:10:54Z">
          <params>
            <param index="0">
              <value>
                <![CDATA[[TestResult name=testSearchStories status=SUCCESS method=BBCNewsSmokeTestKotlin.testSearchStories()[pri:15, instance:com.bbcnews.automation.scripts.BBCNewsSmokeTestKotlin@68bf2c61] output={null}]]]>
              </value>
            </param>
          </params>
          <reporter-output>
          </reporter-output>
        </test-method> <!-- getResult -->
        <test-method status="PASS" signature="tearDown()[pri:0, instance:com.bbcnews.automation.scripts.BBCNewsSmokeTestKotlin@68bf2c61]" name="tearDown" is-config="true" duration-ms="3450" started-at="2019-03-22T15:10:54Z" finished-at="2019-03-22T15:10:58Z">
          <reporter-output>
          </reporter-output>
        </test-method> <!-- tearDown -->
      </class> <!-- com.bbcnews.automation.scripts.BBCNewsSmokeTestKotlin -->
    </test> <!-- BBCNewsRegressionTest -->
  </suite> <!-- BBCNewsSuite -->
</testng-results>
