<?xml version="1.0" encoding="UTF-8"?>
<testng-results skipped="0" failed="0" ignored="0" total="15" passed="15">
  <reporter-output>
  </reporter-output>
  <suite name="BBCNewsSuite" duration-ms="200580" started-at="2019-03-25T13:37:54Z" finished-at="2019-03-25T13:41:15Z">
    <groups>
    </groups>
    <test name="BBCNewsRegressionTest" duration-ms="200580" started-at="2019-03-25T13:37:54Z" finished-at="2019-03-25T13:41:15Z">
      <class name="com.bbcnews.automation.scripts.BBCNewsSmokeTestKotlin">
        <test-method status="PASS" signature="runTest()[pri:0, instance:com.bbcnews.automation.scripts.BBCNewsSmokeTestKotlin@3c70031f]" name="runTest" is-config="true" duration-ms="26619" started-at="2019-03-25T13:37:54Z" finished-at="2019-03-25T13:38:21Z">
          <reporter-output>
          </reporter-output>
        </test-method> <!-- runTest -->
        <test-method status="PASS" signature="testOpenNewsApp()[pri:1, instance:com.bbcnews.automation.scripts.BBCNewsSmokeTestKotlin@3c70031f]" name="testOpenNewsApp" duration-ms="2444" started-at="2019-03-25T13:38:21Z" description="Launching the app" finished-at="2019-03-25T13:38:23Z">
          <reporter-output>
          </reporter-output>
        </test-method> <!-- testOpenNewsApp -->
        <test-method status="PASS" signature="getResult(org.testng.ITestResult)[pri:0, instance:com.bbcnews.automation.scripts.BBCNewsSmokeTestKotlin@3c70031f]" name="getResult" is-config="true" duration-ms="4" started-at="2019-03-25T13:38:23Z" finished-at="2019-03-25T13:38:23Z">
          <params>
            <param index="0">
              <value>
                <![CDATA[[TestResult name=testOpenNewsApp status=SUCCESS method=BBCNewsSmokeTestKotlin.testOpenNewsApp()[pri:1, instance:com.bbcnews.automation.scripts.BBCNewsSmokeTestKotlin@3c70031f] output={null}]]]>
              </value>
            </param>
          </params>
          <reporter-output>
          </reporter-output>
        </test-method> <!-- getResult -->
        <test-method status="PASS" signature="testCheckHomePage()[pri:2, instance:com.bbcnews.automation.scripts.BBCNewsSmokeTestKotlin@3c70031f]" name="testCheckHomePage" duration-ms="24157" started-at="2019-03-25T13:38:23Z" description="Check the links on the Home page after app launched" finished-at="2019-03-25T13:38:47Z">
          <reporter-output>
          </reporter-output>
        </test-method> <!-- testCheckHomePage -->
        <test-method status="PASS" signature="getResult(org.testng.ITestResult)[pri:0, instance:com.bbcnews.automation.scripts.BBCNewsSmokeTestKotlin@3c70031f]" name="getResult" is-config="true" duration-ms="3" started-at="2019-03-25T13:38:47Z" finished-at="2019-03-25T13:38:47Z">
          <params>
            <param index="0">
              <value>
                <![CDATA[[TestResult name=testCheckHomePage status=SUCCESS method=BBCNewsSmokeTestKotlin.testCheckHomePage()[pri:2, instance:com.bbcnews.automation.scripts.BBCNewsSmokeTestKotlin@3c70031f] output={null}]]]>
              </value>
            </param>
          </params>
          <reporter-output>
          </reporter-output>
        </test-method> <!-- getResult -->
        <test-method status="PASS" signature="testAllowLocation()[pri:3, instance:com.bbcnews.automation.scripts.BBCNewsSmokeTestKotlin@3c70031f]" name="testAllowLocation" duration-ms="8998" started-at="2019-03-25T13:38:47Z" description="Test to check the Mynews page" finished-at="2019-03-25T13:38:56Z">
          <reporter-output>
          </reporter-output>
        </test-method> <!-- testAllowLocation -->
        <test-method status="PASS" signature="getResult(org.testng.ITestResult)[pri:0, instance:com.bbcnews.automation.scripts.BBCNewsSmokeTestKotlin@3c70031f]" name="getResult" is-config="true" duration-ms="2" started-at="2019-03-25T13:38:56Z" finished-at="2019-03-25T13:38:56Z">
          <params>
            <param index="0">
              <value>
                <![CDATA[[TestResult name=testAllowLocation status=SUCCESS method=BBCNewsSmokeTestKotlin.testAllowLocation()[pri:3, instance:com.bbcnews.automation.scripts.BBCNewsSmokeTestKotlin@3c70031f] output={null}]]]>
              </value>
            </param>
          </params>
          <reporter-output>
          </reporter-output>
        </test-method> <!-- getResult -->
        <test-method status="PASS" signature="testPopularPage()[pri:4, instance:com.bbcnews.automation.scripts.BBCNewsSmokeTestKotlin@3c70031f]" name="testPopularPage" duration-ms="8779" started-at="2019-03-25T13:38:56Z" description="Test to check the  popular page" finished-at="2019-03-25T13:39:05Z">
          <reporter-output>
          </reporter-output>
        </test-method> <!-- testPopularPage -->
        <test-method status="PASS" signature="getResult(org.testng.ITestResult)[pri:0, instance:com.bbcnews.automation.scripts.BBCNewsSmokeTestKotlin@3c70031f]" name="getResult" is-config="true" duration-ms="1" started-at="2019-03-25T13:39:05Z" finished-at="2019-03-25T13:39:05Z">
          <params>
            <param index="0">
              <value>
                <![CDATA[[TestResult name=testPopularPage status=SUCCESS method=BBCNewsSmokeTestKotlin.testPopularPage()[pri:4, instance:com.bbcnews.automation.scripts.BBCNewsSmokeTestKotlin@3c70031f] output={null}]]]>
              </value>
            </param>
          </params>
          <reporter-output>
          </reporter-output>
        </test-method> <!-- getResult -->
        <test-method status="PASS" signature="testcheckMostWatched()[pri:5, instance:com.bbcnews.automation.scripts.BBCNewsSmokeTestKotlin@3c70031f]" name="testcheckMostWatched" duration-ms="7842" started-at="2019-03-25T13:39:05Z" description="checking that most watched displayed in popular page" finished-at="2019-03-25T13:39:13Z">
          <reporter-output>
          </reporter-output>
        </test-method> <!-- testcheckMostWatched -->
        <test-method status="PASS" signature="getResult(org.testng.ITestResult)[pri:0, instance:com.bbcnews.automation.scripts.BBCNewsSmokeTestKotlin@3c70031f]" name="getResult" is-config="true" duration-ms="0" started-at="2019-03-25T13:39:13Z" finished-at="2019-03-25T13:39:13Z">
          <params>
            <param index="0">
              <value>
                <![CDATA[[TestResult name=testcheckMostWatched status=SUCCESS method=BBCNewsSmokeTestKotlin.testcheckMostWatched()[pri:5, instance:com.bbcnews.automation.scripts.BBCNewsSmokeTestKotlin@3c70031f] output={null}]]]>
              </value>
            </param>
          </params>
          <reporter-output>
          </reporter-output>
        </test-method> <!-- getResult -->
        <test-method status="PASS" signature="testMyNewsPage()[pri:6, instance:com.bbcnews.automation.scripts.BBCNewsSmokeTestKotlin@3c70031f]" name="testMyNewsPage" duration-ms="4723" started-at="2019-03-25T13:39:13Z" description="Test to check the Mynews page" finished-at="2019-03-25T13:39:18Z">
          <reporter-output>
          </reporter-output>
        </test-method> <!-- testMyNewsPage -->
        <test-method status="PASS" signature="getResult(org.testng.ITestResult)[pri:0, instance:com.bbcnews.automation.scripts.BBCNewsSmokeTestKotlin@3c70031f]" name="getResult" is-config="true" duration-ms="1" started-at="2019-03-25T13:39:18Z" finished-at="2019-03-25T13:39:18Z">
          <params>
            <param index="0">
              <value>
                <![CDATA[[TestResult name=testMyNewsPage status=SUCCESS method=BBCNewsSmokeTestKotlin.testMyNewsPage()[pri:6, instance:com.bbcnews.automation.scripts.BBCNewsSmokeTestKotlin@3c70031f] output={null}]]]>
              </value>
            </param>
          </params>
          <reporter-output>
          </reporter-output>
        </test-method> <!-- getResult -->
        <test-method status="PASS" signature="testAddingTopicstoMyNewsPage()[pri:7, instance:com.bbcnews.automation.scripts.BBCNewsSmokeTestKotlin@3c70031f]" name="testAddingTopicstoMyNewsPage" duration-ms="16152" started-at="2019-03-25T13:39:18Z" description="Test to check the adding the topics to MyNews page" finished-at="2019-03-25T13:39:34Z">
          <reporter-output>
          </reporter-output>
        </test-method> <!-- testAddingTopicstoMyNewsPage -->
        <test-method status="PASS" signature="getResult(org.testng.ITestResult)[pri:0, instance:com.bbcnews.automation.scripts.BBCNewsSmokeTestKotlin@3c70031f]" name="getResult" is-config="true" duration-ms="2" started-at="2019-03-25T13:39:34Z" finished-at="2019-03-25T13:39:34Z">
          <params>
            <param index="0">
              <value>
                <![CDATA[[TestResult name=testAddingTopicstoMyNewsPage status=SUCCESS method=BBCNewsSmokeTestKotlin.testAddingTopicstoMyNewsPage()[pri:7, instance:com.bbcnews.automation.scripts.BBCNewsSmokeTestKotlin@3c70031f] output={null}]]]>
              </value>
            </param>
          </params>
          <reporter-output>
          </reporter-output>
        </test-method> <!-- getResult -->
        <test-method status="PASS" signature="testCheckAddedTopicsUnderMyTopics()[pri:8, instance:com.bbcnews.automation.scripts.BBCNewsSmokeTestKotlin@3c70031f]" name="testCheckAddedTopicsUnderMyTopics" duration-ms="5360" started-at="2019-03-25T13:39:34Z" description="Test to check whether selected topics displayed under MyTopics page" finished-at="2019-03-25T13:39:39Z">
          <reporter-output>
          </reporter-output>
        </test-method> <!-- testCheckAddedTopicsUnderMyTopics -->
        <test-method status="PASS" signature="getResult(org.testng.ITestResult)[pri:0, instance:com.bbcnews.automation.scripts.BBCNewsSmokeTestKotlin@3c70031f]" name="getResult" is-config="true" duration-ms="2" started-at="2019-03-25T13:39:39Z" finished-at="2019-03-25T13:39:39Z">
          <params>
            <param index="0">
              <value>
                <![CDATA[[TestResult name=testCheckAddedTopicsUnderMyTopics status=SUCCESS method=BBCNewsSmokeTestKotlin.testCheckAddedTopicsUnderMyTopics()[pri:8, instance:com.bbcnews.automation.scripts.BBCNewsSmokeTestKotlin@3c70031f] output={null}]]]>
              </value>
            </param>
          </params>
          <reporter-output>
          </reporter-output>
        </test-method> <!-- getResult -->
        <test-method status="PASS" signature="testCheckAddedTopicsUnderMyNews()[pri:9, instance:com.bbcnews.automation.scripts.BBCNewsSmokeTestKotlin@3c70031f]" name="testCheckAddedTopicsUnderMyNews" duration-ms="8743" started-at="2019-03-25T13:39:39Z" description="Test to check whether added topics displayed under MyNews page" finished-at="2019-03-25T13:39:48Z">
          <reporter-output>
          </reporter-output>
        </test-method> <!-- testCheckAddedTopicsUnderMyNews -->
        <test-method status="PASS" signature="getResult(org.testng.ITestResult)[pri:0, instance:com.bbcnews.automation.scripts.BBCNewsSmokeTestKotlin@3c70031f]" name="getResult" is-config="true" duration-ms="1" started-at="2019-03-25T13:39:48Z" finished-at="2019-03-25T13:39:48Z">
          <params>
            <param index="0">
              <value>
                <![CDATA[[TestResult name=testCheckAddedTopicsUnderMyNews status=SUCCESS method=BBCNewsSmokeTestKotlin.testCheckAddedTopicsUnderMyNews()[pri:9, instance:com.bbcnews.automation.scripts.BBCNewsSmokeTestKotlin@3c70031f] output={null}]]]>
              </value>
            </param>
          </params>
          <reporter-output>
          </reporter-output>
        </test-method> <!-- getResult -->
        <test-method status="PASS" signature="testMyNewsRemoveTopics()[pri:10, instance:com.bbcnews.automation.scripts.BBCNewsSmokeTestKotlin@3c70031f]" name="testMyNewsRemoveTopics" duration-ms="9398" started-at="2019-03-25T13:39:48Z" description="Test To remove topics which are displayed under MyNews" finished-at="2019-03-25T13:39:58Z">
          <reporter-output>
          </reporter-output>
        </test-method> <!-- testMyNewsRemoveTopics -->
        <test-method status="PASS" signature="getResult(org.testng.ITestResult)[pri:0, instance:com.bbcnews.automation.scripts.BBCNewsSmokeTestKotlin@3c70031f]" name="getResult" is-config="true" duration-ms="1" started-at="2019-03-25T13:39:58Z" finished-at="2019-03-25T13:39:58Z">
          <params>
            <param index="0">
              <value>
                <![CDATA[[TestResult name=testMyNewsRemoveTopics status=SUCCESS method=BBCNewsSmokeTestKotlin.testMyNewsRemoveTopics()[pri:10, instance:com.bbcnews.automation.scripts.BBCNewsSmokeTestKotlin@3c70031f] output={null}]]]>
              </value>
            </param>
          </params>
          <reporter-output>
          </reporter-output>
        </test-method> <!-- getResult -->
        <test-method status="PASS" signature="testCheckArtcilesofTopics()[pri:11, instance:com.bbcnews.automation.scripts.BBCNewsSmokeTestKotlin@3c70031f]" name="testCheckArtcilesofTopics" duration-ms="15672" started-at="2019-03-25T13:39:58Z" description="Test to check the Articles displayed under topics of MyNews page" finished-at="2019-03-25T13:40:13Z">
          <reporter-output>
          </reporter-output>
        </test-method> <!-- testCheckArtcilesofTopics -->
        <test-method status="PASS" signature="getResult(org.testng.ITestResult)[pri:0, instance:com.bbcnews.automation.scripts.BBCNewsSmokeTestKotlin@3c70031f]" name="getResult" is-config="true" duration-ms="1" started-at="2019-03-25T13:40:13Z" finished-at="2019-03-25T13:40:13Z">
          <params>
            <param index="0">
              <value>
                <![CDATA[[TestResult name=testCheckArtcilesofTopics status=SUCCESS method=BBCNewsSmokeTestKotlin.testCheckArtcilesofTopics()[pri:11, instance:com.bbcnews.automation.scripts.BBCNewsSmokeTestKotlin@3c70031f] output={null}]]]>
              </value>
            </param>
          </params>
          <reporter-output>
          </reporter-output>
        </test-method> <!-- getResult -->
        <test-method status="PASS" signature="testMenuPage()[pri:12, instance:com.bbcnews.automation.scripts.BBCNewsSmokeTestKotlin@3c70031f]" name="testMenuPage" duration-ms="20725" started-at="2019-03-25T13:40:13Z" description="Test to Check the Menu Options " finished-at="2019-03-25T13:40:34Z">
          <reporter-output>
          </reporter-output>
        </test-method> <!-- testMenuPage -->
        <test-method status="PASS" signature="getResult(org.testng.ITestResult)[pri:0, instance:com.bbcnews.automation.scripts.BBCNewsSmokeTestKotlin@3c70031f]" name="getResult" is-config="true" duration-ms="1" started-at="2019-03-25T13:40:34Z" finished-at="2019-03-25T13:40:34Z">
          <params>
            <param index="0">
              <value>
                <![CDATA[[TestResult name=testMenuPage status=SUCCESS method=BBCNewsSmokeTestKotlin.testMenuPage()[pri:12, instance:com.bbcnews.automation.scripts.BBCNewsSmokeTestKotlin@3c70031f] output={null}]]]>
              </value>
            </param>
          </params>
          <reporter-output>
          </reporter-output>
        </test-method> <!-- getResult -->
        <test-method status="PASS" signature="testVideoPage()[pri:13, instance:com.bbcnews.automation.scripts.BBCNewsSmokeTestKotlin@3c70031f]" name="testVideoPage" duration-ms="8647" started-at="2019-03-25T13:40:34Z" description="Test to check the Video page and selecting the live video for playback and asserting the playback controls" finished-at="2019-03-25T13:40:43Z">
          <reporter-output>
          </reporter-output>
        </test-method> <!-- testVideoPage -->
        <test-method status="PASS" signature="getResult(org.testng.ITestResult)[pri:0, instance:com.bbcnews.automation.scripts.BBCNewsSmokeTestKotlin@3c70031f]" name="getResult" is-config="true" duration-ms="1" started-at="2019-03-25T13:40:43Z" finished-at="2019-03-25T13:40:43Z">
          <params>
            <param index="0">
              <value>
                <![CDATA[[TestResult name=testVideoPage status=SUCCESS method=BBCNewsSmokeTestKotlin.testVideoPage()[pri:13, instance:com.bbcnews.automation.scripts.BBCNewsSmokeTestKotlin@3c70031f] output={null}]]]>
              </value>
            </param>
          </params>
          <reporter-output>
          </reporter-output>
        </test-method> <!-- getResult -->
        <test-method status="PASS" signature="testCheckLiveVideoSeeking()[pri:14, instance:com.bbcnews.automation.scripts.BBCNewsSmokeTestKotlin@3c70031f]" name="testCheckLiveVideoSeeking" duration-ms="17348" started-at="2019-03-25T13:40:43Z" description="Test to check whether you can scrub the Live Video and Live Text shouldn&#039;t be displayed" finished-at="2019-03-25T13:41:00Z">
          <reporter-output>
          </reporter-output>
        </test-method> <!-- testCheckLiveVideoSeeking -->
        <test-method status="PASS" signature="getResult(org.testng.ITestResult)[pri:0, instance:com.bbcnews.automation.scripts.BBCNewsSmokeTestKotlin@3c70031f]" name="getResult" is-config="true" duration-ms="1" started-at="2019-03-25T13:41:00Z" finished-at="2019-03-25T13:41:00Z">
          <params>
            <param index="0">
              <value>
                <![CDATA[[TestResult name=testCheckLiveVideoSeeking status=SUCCESS method=BBCNewsSmokeTestKotlin.testCheckLiveVideoSeeking()[pri:14, instance:com.bbcnews.automation.scripts.BBCNewsSmokeTestKotlin@3c70031f] output={null}]]]>
              </value>
            </param>
          </params>
          <reporter-output>
          </reporter-output>
        </test-method> <!-- getResult -->
        <test-method status="PASS" signature="testSearchStories()[pri:15, instance:com.bbcnews.automation.scripts.BBCNewsSmokeTestKotlin@3c70031f]" name="testSearchStories" duration-ms="10789" started-at="2019-03-25T13:41:00Z" description="Test to check for search results" finished-at="2019-03-25T13:41:11Z">
          <reporter-output>
          </reporter-output>
        </test-method> <!-- testSearchStories -->
        <test-method status="PASS" signature="getResult(org.testng.ITestResult)[pri:0, instance:com.bbcnews.automation.scripts.BBCNewsSmokeTestKotlin@3c70031f]" name="getResult" is-config="true" duration-ms="2" started-at="2019-03-25T13:41:11Z" finished-at="2019-03-25T13:41:11Z">
          <params>
            <param index="0">
              <value>
                <![CDATA[[TestResult name=testSearchStories status=SUCCESS method=BBCNewsSmokeTestKotlin.testSearchStories()[pri:15, instance:com.bbcnews.automation.scripts.BBCNewsSmokeTestKotlin@3c70031f] output={null}]]]>
              </value>
            </param>
          </params>
          <reporter-output>
          </reporter-output>
        </test-method> <!-- getResult -->
        <test-method status="PASS" signature="tearDown()[pri:0, instance:com.bbcnews.automation.scripts.BBCNewsSmokeTestKotlin@3c70031f]" name="tearDown" is-config="true" duration-ms="3893" started-at="2019-03-25T13:41:11Z" finished-at="2019-03-25T13:41:15Z">
          <reporter-output>
          </reporter-output>
        </test-method> <!-- tearDown -->
      </class> <!-- com.bbcnews.automation.scripts.BBCNewsSmokeTestKotlin -->
    </test> <!-- BBCNewsRegressionTest -->
  </suite> <!-- BBCNewsSuite -->
</testng-results>
